0 info it worked if it ends with ok
1 verbose cli [ '/usr/local/bin/node', '/usr/local/bin/npm', 'publish' ]
2 info using npm@3.10.10
3 info using node@v6.10.0
4 verbose publish [ '.' ]
5 silly cache add args [ '.', null ]
6 verbose cache add spec .
7 silly cache add parsed spec Result {
7 silly cache add   raw: '.',
7 silly cache add   scope: null,
7 silly cache add   escapedName: null,
7 silly cache add   name: null,
7 silly cache add   rawSpec: '.',
7 silly cache add   spec: '/Users/prashantpalikhe/Projects/rrepeat',
7 silly cache add   type: 'directory' }
8 verbose addLocalDirectory /Users/prashantpalikhe/.npm/rrepeat/1.0.0/package.tgz not in flight; packing
9 verbose correctMkdir /Users/prashantpalikhe/.npm correctMkdir not in flight; initializing
10 info lifecycle rrepeat@1.0.0~prepublish: rrepeat@1.0.0
11 silly lifecycle rrepeat@1.0.0~prepublish: no script for prepublish, continuing
12 verbose tar pack [ '/Users/prashantpalikhe/.npm/rrepeat/1.0.0/package.tgz',
12 verbose tar pack   '/Users/prashantpalikhe/Projects/rrepeat' ]
13 verbose tarball /Users/prashantpalikhe/.npm/rrepeat/1.0.0/package.tgz
14 verbose folder /Users/prashantpalikhe/Projects/rrepeat
15 verbose addLocalTarball adding from inside cache /Users/prashantpalikhe/.npm/rrepeat/1.0.0/package.tgz
16 verbose correctMkdir /Users/prashantpalikhe/.npm correctMkdir not in flight; initializing
17 silly cache afterAdd rrepeat@1.0.0
18 verbose afterAdd /Users/prashantpalikhe/.npm/rrepeat/1.0.0/package/package.json not in flight; writing
19 verbose correctMkdir /Users/prashantpalikhe/.npm correctMkdir not in flight; initializing
20 verbose afterAdd /Users/prashantpalikhe/.npm/rrepeat/1.0.0/package/package.json written
21 silly publish { name: 'rrepeat',
21 silly publish   version: '1.0.0',
21 silly publish   description: 'CLI to repeat a text a given number of times and copy the result to the clipboard.',
21 silly publish   repository:
21 silly publish    { type: 'git',
21 silly publish      url: 'git+https://github.com/prashantpalikhe/rrepeat.git' },
21 silly publish   keywords:
21 silly publish    [ 'cli-app',
21 silly publish      'cli',
21 silly publish      'repeat',
21 silly publish      'rrepeat',
21 silly publish      'string',
21 silly publish      'str',
21 silly publish      'text',
21 silly publish      'utility' ],
21 silly publish   main: 'cli.js',
21 silly publish   bin: { rrepeat: 'cli.js' },
21 silly publish   engines: { node: '>=6' },
21 silly publish   files: [ 'cli.js' ],
21 silly publish   author: { name: 'Prashant', email: 'prashpal09@gmail.com' },
21 silly publish   license: 'MIT',
21 silly publish   bugs: { url: 'https://github.com/prashantpalikhe/rrepeat/issues' },
21 silly publish   homepage: 'https://github.com/prashantpalikhe/rrepeat#readme',
21 silly publish   dependencies: { chalk: '^1.1.3', commander: '^2.9.0', 'copy-paste': '^1.3.0' },
21 silly publish   readme: '# rrepeat\n\nCLI to repeat a text given number of times and copy the result to the clipboard.\n\n## Installation\n\nvia npm\n\n```\n$ npm i -g rrepeat\n```\n\n## Usage\n\n```\n    Usage: rrepeat <count> [text]\n    \n    Options:\n    \n        -h, --help     output usage information\n        -V, --version  output the version number\n        \n    Example:\n    \n        $ rrepeat 10 "<p>lorem ipsum dolor sit amet</p>"\n```\n',
21 silly publish   readmeFilename: 'README.md',
21 silly publish   gitHead: '3dc270a44eb5a855aa09d6954c42dc5f56eb1479',
21 silly publish   _id: 'rrepeat@1.0.0',
21 silly publish   scripts: {},
21 silly publish   _shasum: '3b5c2d33fe6fb6c8f2575fb4f6977e6a9ec5c092',
21 silly publish   _from: '.' }
22 verbose getPublishConfig undefined
23 silly mapToRegistry name rrepeat
24 silly mapToRegistry using default registry
25 silly mapToRegistry registry https://registry.npmjs.org/
26 silly mapToRegistry data Result {
26 silly mapToRegistry   raw: 'rrepeat',
26 silly mapToRegistry   scope: null,
26 silly mapToRegistry   escapedName: 'rrepeat',
26 silly mapToRegistry   name: 'rrepeat',
26 silly mapToRegistry   rawSpec: '',
26 silly mapToRegistry   spec: 'latest',
26 silly mapToRegistry   type: 'tag' }
27 silly mapToRegistry uri https://registry.npmjs.org/rrepeat
28 verbose publish registryBase https://registry.npmjs.org/
29 silly publish uploading /Users/prashantpalikhe/.npm/rrepeat/1.0.0/package.tgz
30 verbose request uri https://registry.npmjs.org/rrepeat
31 verbose request sending authorization for write operation
32 info attempt registry request try #1 at 1:37:57 PM
33 verbose request using bearer token for auth
34 verbose request id 90388a92e8cdd3cf
35 http request PUT https://registry.npmjs.org/rrepeat
36 http 403 https://registry.npmjs.org/rrepeat
37 verbose headers { 'content-type': 'application/json',
37 verbose headers   'cache-control': 'max-age=300',
37 verbose headers   'content-length': '95',
37 verbose headers   'accept-ranges': 'bytes',
37 verbose headers   date: 'Sun, 23 Apr 2017 11:37:55 GMT',
37 verbose headers   via: '1.1 varnish',
37 verbose headers   connection: 'keep-alive',
37 verbose headers   'x-served-by': 'cache-ams4128-AMS',
37 verbose headers   'x-cache': 'MISS',
37 verbose headers   'x-cache-hits': '0',
37 verbose headers   'x-timer': 'S1492947474.250137,VS0,VE949',
37 verbose headers   vary: 'Accept-Encoding' }
38 verbose request invalidating /Users/prashantpalikhe/.npm/registry.npmjs.org/rrepeat on PUT
39 error publish Failed PUT 403
40 verbose stack Error: "You cannot publish over the previously published version 1.0.0." : rrepeat
40 verbose stack     at makeError (/usr/local/lib/node_modules/npm/node_modules/npm-registry-client/lib/request.js:302:12)
40 verbose stack     at CachingRegistryClient.<anonymous> (/usr/local/lib/node_modules/npm/node_modules/npm-registry-client/lib/request.js:290:14)
40 verbose stack     at Request._callback (/usr/local/lib/node_modules/npm/node_modules/npm-registry-client/lib/request.js:210:14)
40 verbose stack     at Request.self.callback (/usr/local/lib/node_modules/npm/node_modules/request/request.js:187:22)
40 verbose stack     at emitTwo (events.js:106:13)
40 verbose stack     at Request.emit (events.js:191:7)
40 verbose stack     at Request.<anonymous> (/usr/local/lib/node_modules/npm/node_modules/request/request.js:1048:10)
40 verbose stack     at emitOne (events.js:96:13)
40 verbose stack     at Request.emit (events.js:188:7)
40 verbose stack     at IncomingMessage.<anonymous> (/usr/local/lib/node_modules/npm/node_modules/request/request.js:969:12)
41 verbose statusCode 403
42 verbose pkgid rrepeat
43 verbose cwd /Users/prashantpalikhe/Projects/rrepeat
44 error Darwin 16.5.0
45 error argv "/usr/local/bin/node" "/usr/local/bin/npm" "publish"
46 error node v6.10.0
47 error npm  v3.10.10
48 error code E403
49 error "You cannot publish over the previously published version 1.0.0." : rrepeat
50 error If you need help, you may report this error at:
50 error     <https://github.com/npm/npm/issues>
51 verbose exit [ 1, true ]
